<?xml version="1.0" encoding="UTF-8"?>
<testsuite xmlns:xsi="http://www.w3.org/2001/XMLSchema-instance" xsi:noNamespaceSchemaLocation="https://maven.apache.org/surefire/maven-surefire-plugin/xsd/surefire-test-report-3.0.xsd" version="3.0" name="Login" time="43.959" tests="3" errors="0" skipped="0" failures="0">
  <properties>
[...]
</properties>
  <testcase name="User Want to Login : with valid credentials" classname="Login" time="38.052">
    <system-out><![CDATA[
@login @validLogin
Scenario: User Want to Login : with valid credentials &amp#27;[90m# src/test/resources/features/01_login.feature:5&amp#27;[0m
  &amp#27;[32mGiven &amp#27;[0m&amp#27;[32mI am Testing Case : "&amp#27;[0m&amp#27;[32m&amp#27;[1m1&amp#27;[0m&amp#27;[32m"&amp#27;[0m                       &amp#27;[90m# stepdefs.loginSteps.iAmTestingCase(java.lang.String)&amp#27;[0m
  &amp#27;[32mAnd &amp#27;[0m&amp#27;[32mUser arrives to Login Page&amp#27;[0m                      &amp#27;[90m# stepdefs.loginSteps.userArrivesToLoginPage()&amp#27;[0m
  &amp#27;[32mAnd &amp#27;[0m&amp#27;[32mI enter a valid username&amp#27;[0m                        &amp#27;[90m# stepdefs.loginSteps.iHaveEnterValidUsernameEmail()&amp#27;[0m
  &amp#27;[32mAnd &amp#27;[0m&amp#27;[32mI enter a valid password&amp#27;[0m                        &amp#27;[90m# stepdefs.loginSteps.iEnterAValidPassword()&amp#27;[0m
  &amp#27;[32mAnd &amp#27;[0m&amp#27;[32mI click on the login button&amp#27;[0m                     &amp#27;[90m# stepdefs.loginSteps.iClickOnTheLoginButton()&amp#27;[0m
  &amp#27;[32mThen &amp#27;[0m&amp#27;[32mI verify login&amp#27;[0m                                 &amp#27;[90m# stepdefs.loginSteps.iVerifyLogin()&amp#27;[0m
Failed to read credentials for Test Rail. Please make sure the credentials are present in either config.properties or environmental variables

 
[]
]]></system-out>
    <system-err><![CDATA[Starting ChromeDriver 141.0.7390.122 (b477534e7e10d193e916cd4e2967c589383625b2-refs/branch-heads/7390@{#2667}) on port 7353
Only local connections are allowed.
Please see https://chromedriver.chromium.org/security-considerations for suggestions on keeping ChromeDriver safe.
ChromeDriver was started successfully on port 7353.
]]></system-err>
  </testcase>
  <testcase name="user can logout" classname="Login" time="1.02">
    <system-out><![CDATA[
@login
Scenario: user can logout              &amp#27;[90m# src/test/resources/features/01_login.feature:13&amp#27;[0m
  &amp#27;[32mGiven &amp#27;[0m&amp#27;[32mI am Testing Case : "&amp#27;[0m&amp#27;[32m&amp#27;[1m2&amp#27;[0m&amp#27;[32m"&amp#27;[0m        &amp#27;[90m# stepdefs.loginSteps.iAmTestingCase(java.lang.String)&amp#27;[0m
  &amp#27;[32mAnd &amp#27;[0m&amp#27;[32muser clicks on the menu button&amp#27;[0m   &amp#27;[90m# stepdefs.loginSteps.userClicksOnTheMenuButon()&amp#27;[0m
  &amp#27;[32mAnd &amp#27;[0m&amp#27;[32muser clicks on the logout button&amp#27;[0m &amp#27;[90m# stepdefs.loginSteps.userClicksOnTheLogoutButton()&amp#27;[0m
  &amp#27;[32mThen &amp#27;[0m&amp#27;[32muser is logged out&amp#27;[0m              &amp#27;[90m# stepdefs.loginSteps.userIsLoggedOut()&amp#27;[0m

 
[]
]]></system-out>
  </testcase>
  <testcase name="user cannot login with invalid credentials" classname="Login" time="4.887">
    <system-out><![CDATA[
@login
Scenario: user cannot login with invalid credentials &amp#27;[90m# src/test/resources/features/01_login.feature:19&amp#27;[0m
  &amp#27;[32mGiven &amp#27;[0m&amp#27;[32mI am Testing Case : "&amp#27;[0m&amp#27;[32m&amp#27;[1m3&amp#27;[0m&amp#27;[32m"&amp#27;[0m                      &amp#27;[90m# stepdefs.loginSteps.iAmTestingCase(java.lang.String)&amp#27;[0m
  &amp#27;[32mAnd &amp#27;[0m&amp#27;[32mUser arrives to Login Page&amp#27;[0m                     &amp#27;[90m# stepdefs.loginSteps.userArrivesToLoginPage()&amp#27;[0m
  &amp#27;[32mAnd &amp#27;[0m&amp#27;[32mI enter a valid username&amp#27;[0m                       &amp#27;[90m# stepdefs.loginSteps.iHaveEnterValidUsernameEmail()&amp#27;[0m
  &amp#27;[32mAnd &amp#27;[0m&amp#27;[32mI enter an invalid password&amp#27;[0m                    &amp#27;[90m# stepdefs.loginSteps.iHaveEnterInvalidPassword()&amp#27;[0m
  &amp#27;[32mAnd &amp#27;[0m&amp#27;[32mI click on the login button&amp#27;[0m                    &amp#27;[90m# stepdefs.loginSteps.iClickOnTheLoginButton()&amp#27;[0m
  &amp#27;[32mThen &amp#27;[0m&amp#27;[32mI verify the Error message&amp#27;[0m                    &amp#27;[90m# stepdefs.loginSteps.iVerifyTheErrorMessage()&amp#27;[0m

 
[]
]]></system-out>
  </testcase>
</testsuite>